<?xml version="1.0" encoding="UTF-8"?>
<!-- Generated by org.testng.reporters.JUnitReportReporter -->
<testsuite skipped="0" hostname="EVT02093NB" name="guru.springframework.FindOwnersSeleniumWebDriverTest" tests="1" failures="0" timestamp="11 Kas 2021 11:18:40 GMT" time="0.285" errors="0">
  <testcase name="seeTheProductList" time="0.285" classname="guru.springframework.FindOwnersSeleniumWebDriverTest"/>
</testsuite> <!-- guru.springframework.FindOwnersSeleniumWebDriverTest -->
