<?xml version="1.0" encoding="UTF-8"?>
<!-- Generated by org.testng.reporters.JUnitReportReporter -->
<testsuite skipped="0" hostname="EVT02093NB" name="guru.springframework.ProductsSeleniumWebDriverTest" tests="4" failures="0" timestamp="11 Kas 2021 12:34:55 GMT" time="1.574" errors="0">
  <testcase name="seeTheProductList" time="0.232" classname="guru.springframework.ProductsSeleniumWebDriverTest"/>
  <testcase name="viewProduct" time="0.264" classname="guru.springframework.ProductsSeleniumWebDriverTest"/>
  <testcase name="editProductInfo" time="0.863" classname="guru.springframework.ProductsSeleniumWebDriverTest"/>
  <testcase name="trueProductInfo" time="0.215" classname="guru.springframework.ProductsSeleniumWebDriverTest"/>
</testsuite> <!-- guru.springframework.ProductsSeleniumWebDriverTest -->
